
pos/27.png 1 0 0 40 51
pos/131.png 1 0 0 34 60
pos/110.png 1 0 0 44 60
pos/273.png 1 0 0 63 55
pos/147.png 1 0 0 41 59
pos/269.png 1 0 0 55 55
pos/157.png 1 0 0 42 63
pos/268.png 1 0 0 59 67
pos/101.png 1 0 0 74 76
pos/161.png 1 0 0 41 61
pos/159.png 1 0 0 41 63
pos/286.png 1 0 0 43 61
pos/184.png 1 0 0 67 66
pos/162.png 1 0 0 46 64
pos/154.png 1 0 0 44 60
pos/185.png 1 0 0 75 67
pos/111.png 1 0 0 56 61
pos/260.png 1 0 0 51 65
pos/300.png 1 0 0 77 68
pos/106.png 1 0 0 35 58
pos/123.png 1 0 0 73 64
pos/283.png 1 0 0 70 68
pos/143.png 1 0 0 41 60
pos/298.png 1 0 0 80 80
pos/192.png 1 0 0 85 85
pos/17.png 1 0 0 46 53
pos/222.png 1 0 0 70 79
pos/264.png 1 0 0 45 63
pos/246.png 1 0 0 65 70
pos/170.png 1 0 0 87 79
pos/280.png 1 0 0 47 65
pos/238.png 1 0 0 68 74
pos/24.png 1 0 0 28 24
pos/149.png 1 0 0 40 60
pos/4.png 1 0 0 53 54
pos/5.png 1 0 0 49 56
pos/294.png 1 0 0 50 65
pos/163.png 1 0 0 44 61
pos/297.png 1 0 0 66 57
pos/254.png 1 0 0 45 65
pos/261.png 1 0 0 45 62
pos/14.png 1 0 0 35 51
pos/224.png 1 0 0 44 64
pos/129.png 1 0 0 52 62
pos/173.png 1 0 0 42 62
pos/171.png 1 0 0 44 65
pos/203.png 1 0 0 54 54
pos/295.png 1 0 0 61 52
pos/232.png 1 0 0 40 41
pos/178.png 1 0 0 75 74
pos/263.png 1 0 0 60 65
pos/292.png 1 0 0 71 69
pos/7.png 1 0 0 51 53
pos/282.png 1 0 0 77 71
pos/116.png 1 0 0 39 59
pos/174.png 1 0 0 46 63
pos/108.png 1 0 0 35 56
pos/214.png 1 0 0 68 75
pos/270.png 1 0 0 67 66
pos/2.png 1 0 0 61 56
pos/121.png 1 0 0 38 59
pos/275.png 1 0 0 65 58
pos/256.png 1 0 0 74 65
pos/198.png 1 0 0 41 64
pos/132.png 1 0 0 38 59
pos/144.png 1 0 0 37 60
pos/247.png 1 0 0 46 62
pos/250.png 1 0 0 63 58
pos/293.png 1 0 0 57 56
pos/284.png 1 0 0 47 64
pos/193.png 1 0 0 41 64
pos/164.png 1 0 0 44 65
pos/228.png 1 0 0 52 54
pos/133.png 1 0 0 69 73
pos/259.png 1 0 0 58 66
pos/212.png 1 0 0 75 86
pos/287.png 1 0 0 67 59
pos/213.png 1 0 0 74 68
pos/205.png 1 0 0 41 65
pos/220.png 1 0 0 73 73
pos/168.png 1 0 0 80 78
pos/253.png 1 0 0 65 67
pos/240.png 1 0 0 69 70
pos/119.png 1 0 0 67 63
pos/204.png 1 0 0 50 64
pos/28.png 1 0 0 45 50
pos/105.png 1 0 0 37 58
pos/207.png 1 0 0 74 80
pos/230.png 1 0 0 59 56
pos/245.png 1 0 0 74 65
pos/152.png 1 0 0 40 62
pos/148.png 1 0 0 44 61
pos/251.png 1 0 0 64 63
pos/10.png 1 0 0 46 44
pos/290.png 1 0 0 49 63
pos/25.png 1 0 0 47 55
pos/243.png 1 0 0 42 62
pos/128.png 1 0 0 65 61
pos/19.png 1 0 0 57 50
pos/281.png 1 0 0 55 57
pos/167.png 1 0 0 62 53
pos/29.png 1 0 0 24 26
pos/165.png 1 0 0 46 63
pos/272.png 1 0 0 70 68
pos/265.png 1 0 0 44 66
pos/33.png 1 0 0 61 54
pos/239.png 1 0 0 58 55
pos/18.png 1 0 0 43 44
pos/30.png 1 0 0 39 39
pos/181.png 1 0 0 64 64
pos/15.png 1 0 0 34 49
pos/291.png 1 0 0 60 58
pos/279.png 1 0 0 55 61
pos/187.png 1 0 0 82 86
pos/262.png 1 0 0 44 61
pos/151.png 1 0 0 44 61
pos/9.png 1 0 0 37 39
pos/288.png 1 0 0 76 77
pos/175.png 1 0 0 70 58
pos/277.png 1 0 0 62 55
pos/189.png 1 0 0 44 63
pos/299.png 1 0 0 63 60
pos/244.png 1 0 0 58 57
pos/21.png 1 0 0 35 49
pos/113.png 1 0 0 41 61
pos/211.png 1 0 0 67 70
pos/141.png 1 0 0 42 61
pos/177.png 1 0 0 50 48
pos/219.png 1 0 0 58 55
pos/225.png 1 0 0 50 45
pos/266.png 1 0 0 43 62
pos/8.png 1 0 0 42 45
pos/104.png 1 0 0 71 75
pos/127.png 1 0 0 36 59
pos/200.png 1 0 0 43 63
pos/6.png 1 0 0 48 55
pos/125.png 1 0 0 50 44
pos/16.png 1 0 0 38 49
pos/231.png 1 0 0 42 63
pos/197.png 1 0 0 81 75
pos/209.png 1 0 0 76 72
pos/155.png 1 0 0 42 62
pos/156.png 1 0 0 47 67
pos/216.png 1 0 0 42 63
pos/112.png 1 0 0 41 61
pos/188.png 1 0 0 60 62
pos/217.png 1 0 0 55 61
pos/145.png 1 0 0 37 61
pos/22.png 1 0 0 38 38
pos/134.png 1 0 0 35 60
pos/201.png 1 0 0 77 73
pos/210.png 1 0 0 44 64
pos/242.png 1 0 0 63 59
pos/26.png 1 0 0 46 47
pos/115.png 1 0 0 55 59
pos/120.png 1 0 0 66 67
pos/229.png 1 0 0 69 67
pos/122.png 1 0 0 44 38
pos/117.png 1 0 0 63 51
pos/3.png 1 0 0 60 59
pos/223.png 1 0 0 52 54
pos/107.png 1 0 0 34 57
pos/158.png 1 0 0 39 60
pos/1.png 1 0 0 54 47
pos/160.png 1 0 0 42 60
pos/278.png 1 0 0 49 64
pos/182.png 1 0 0 71 74
pos/179.png 1 0 0 80 66
pos/274.png 1 0 0 76 80
pos/11.png 1 0 0 50 50
pos/176.png 1 0 0 66 52
pos/183.png 1 0 0 56 54
pos/235.png 1 0 0 42 64
pos/32.png 1 0 0 62 65
pos/234.png 1 0 0 48 66
pos/276.png 1 0 0 81 74
pos/137.png 1 0 0 47 48
pos/31.png 1 0 0 42 58
pos/139.png 1 0 0 36 58
pos/138.png 1 0 0 76 67
pos/226.png 1 0 0 49 47
pos/172.png 1 0 0 47 62
pos/130.png 1 0 0 62 62
pos/23.png 1 0 0 46 51
pos/199.png 1 0 0 43 63
pos/180.png 1 0 0 49 50
pos/109.png 1 0 0 37 60
pos/194.png 1 0 0 46 62
pos/191.png 1 0 0 57 59
pos/267.png 1 0 0 71 69
pos/271.png 1 0 0 68 52
pos/257.png 1 0 0 82 80
pos/126.png 1 0 0 63 63
pos/202.png 1 0 0 62 62
pos/258.png 1 0 0 53 64
pos/249.png 1 0 0 71 71
pos/20.png 1 0 0 36 35
pos/289.png 1 0 0 62 57
pos/285.png 1 0 0 34 35
pos/227.png 1 0 0 71 74
pos/252.png 1 0 0 45 62
pos/190.png 1 0 0 88 75
pos/196.png 1 0 0 49 65
pos/255.png 1 0 0 57 54
pos/146.png 1 0 0 41 61
pos/142.png 1 0 0 40 60
pos/195.png 1 0 0 48 67
pos/166.png 1 0 0 67 69
pos/13.png 1 0 0 46 48
pos/114.png 1 0 0 40 60
pos/241.png 1 0 0 45 62
pos/169.png 1 0 0 45 61
pos/237.png 1 0 0 67 68
pos/140.png 1 0 0 38 60
pos/208.png 1 0 0 63 66
pos/135.png 1 0 0 39 58
pos/12.png 1 0 0 36 51
pos/221.png 1 0 0 52 54
pos/218.png 1 0 0 45 64
pos/236.png 1 0 0 55 53
pos/296.png 1 0 0 78 80
pos/248.png 1 0 0 59 61
pos/215.png 1 0 0 50 64
pos/186.png 1 0 0 56 60
pos/124.png 1 0 0 71 60
pos/150.png 1 0 0 65 65
pos/153.png 1 0 0 42 59
pos/118.png 1 0 0 73 65
pos/206.png 1 0 0 42 63